<?xml version="1.0" encoding="UTF-8"?>
<testsuite xmlns:xsi="http://www.w3.org/2001/XMLSchema-instance" xsi:schemaLocation="https://maven.apache.org/surefire/maven-surefire-plugin/xsd/surefire-test-report.xsd" name="TestSuite" time="440.356" tests="3" errors="0" skipped="0" failures="1">
  <properties>
    <property name="JOB_NAME" value="Rozetka"/>
    <property name="java.vendor" value="Oracle Corporation"/>
    <property name="PWD" value="/Users/denys/Desktop"/>
    <property name="sun.java.launcher" value="SUN_STANDARD"/>
    <property name="sun.management.compiler" value="HotSpot 64-Bit Tiered Compilers"/>
    <property name="JENKINS_HOME" value="/Users/denys/.jenkins"/>
    <property name="PATH" value="/Users/denys/.jenkins/tools/hudson.model.JDK/JAVA_HOME/bin:/anaconda3/bin:/Library/Frameworks/Python.framework/Versions/3.6/bin:/usr/local/bin:/usr/bin:/bin:/usr/sbin:/sbin:/Users/denys/Library/Android/sdk/platform-tools:/Users/denys/Library/Android/sdk/tools"/>
    <property name="HUDSON_SERVER_COOKIE" value="6026f5316fd35b5a"/>
    <property name="POM_ARTIFACTID" value="rozetka_web_test"/>
    <property name="os.name" value="Mac OS X"/>
    <property name="TERM_PROGRAM" value="Apple_Terminal"/>
    <property name="EXECUTOR_NUMBER" value="0"/>
    <property name="TERM_SESSION_ID" value="2BE18561-1BBE-417E-B023-E4A346BC63AC"/>
    <property name="java.vm.specification.vendor" value="Oracle Corporation"/>
    <property name="POM_DISPLAYNAME" value="rozetka_web_test"/>
    <property name="NODE_LABELS" value="master"/>
    <property name="java.runtime.version" value="10+46"/>
    <property name="user.name" value="denys"/>
    <property name="guice.disable.misplaced.annotation.check" value="true"/>
    <property name="user.language" value="en"/>
    <property name="JOB_BASE_NAME" value="Rozetka"/>
    <property name="RUN_CHANGES_DISPLAY_URL" value="http://localhost:8080/job/Rozetka/6/display/redirect?page=changes"/>
    <property name="BUILD_DISPLAY_NAME" value="#6"/>
    <property name="TMPDIR" value="/var/folders/_r/br55_c8s46z0d5ycrjzw5fb80000gp/T/"/>
    <property name="sun.boot.library.path" value="/Users/denys/.jenkins/tools/hudson.model.JDK/JAVA_HOME/lib"/>
    <property name="SDKMAN_LEGACY_API" value="https://api.sdkman.io/1"/>
    <property name="java.vm.compressedOopsMode" value="Zero based"/>
    <property name="java.version" value="10"/>
    <property name="XPC_FLAGS" value="0x0"/>
    <property name="user.timezone" value="Europe/Kiev"/>
    <property name="sun.arch.data.model" value="64"/>
    <property name="NODE_NAME" value="master"/>
    <property name="JAVA_MAIN_CLASS_8563" value="Main"/>
    <property name="SDKMAN_CANDIDATES_DIR" value="/Users/denys/.sdkman/candidates"/>
    <property name="TERM" value="xterm-256color"/>
    <property name="BUILD_ID" value="6"/>
    <property name="sun.cpu.isalist" value=""/>
    <property name="sun.jnu.encoding" value="UTF-8"/>
    <property name="file.encoding.pkg" value="sun.io"/>
    <property name="SHELL" value="/bin/bash"/>
    <property name="maven.conf" value="/Users/denys/.jenkins/tools/hudson.tasks.Maven_MavenInstallation/MAVEN_HOME/conf"/>
    <property name="file.separator" value="/"/>
    <property name="java.specification.name" value="Java Platform API Specification"/>
    <property name="java.class.version" value="54.0"/>
    <property name="org.slf4j.simpleLogger.defaultLogLevel" value="info"/>
    <property name="user.country" value="US"/>
    <property name="java.home" value="/Users/denys/.jenkins/tools/hudson.model.JDK/JAVA_HOME"/>
    <property name="java.vm.info" value="mixed mode"/>
    <property name="os.version" value="10.13.3"/>
    <property name="RUN_DISPLAY_URL" value="http://localhost:8080/job/Rozetka/6/display/redirect"/>
    <property name="POM_VERSION" value="1.0-SNAPSHOT"/>
    <property name="sun.font.fontmanager" value="sun.font.CFontManager"/>
    <property name="path.separator" value=":"/>
    <property name="java.vm.version" value="10+46"/>
    <property name="JOB_DISPLAY_URL" value="http://localhost:8080/job/Rozetka/display/redirect"/>
    <property name="SHLVL" value="1"/>
    <property name="_" value="/usr/bin/java"/>
    <property name="java.awt.printerjob" value="sun.lwawt.macosx.CPrinterJob"/>
    <property name="JAVA_HOME" value="/Users/denys/.jenkins/tools/hudson.model.JDK/JAVA_HOME"/>
    <property name="sun.io.unicode.encoding" value="UnicodeBig"/>
    <property name="awt.toolkit" value="sun.lwawt.macosx.LWCToolkit"/>
    <property name="LOGNAME" value="denys"/>
    <property name="POM_PACKAGING" value="jar"/>
    <property name="HOME" value="/Users/denys"/>
    <property name="POM_GROUPID" value="com.rozetka.web"/>
    <property name="user.home" value="/Users/denys"/>
    <property name="BUILD_TAG" value="jenkins-Rozetka-6"/>
    <property name="JENKINS_SERVER_COOKIE" value="6026f5316fd35b5a"/>
    <property name="XPC_SERVICE_NAME" value="0"/>
    <property name="HUDSON_URL" value="http://localhost:8080/"/>
    <property name="java.version.date" value="2018-03-20"/>
    <property name="SDKMAN_DIR" value="/Users/denys/.sdkman"/>
    <property name="java.specification.vendor" value="Oracle Corporation"/>
    <property name="CLASSPATH" value=""/>
    <property name="java.library.path" value="/Users/denys/Library/Java/Extensions:/Library/Java/Extensions:/Network/Library/Java/Extensions:/System/Library/Java/Extensions:/usr/lib/java:."/>
    <property name="java.vendor.url" value="http://java.oracle.com/"/>
    <property name="SDKMAN_CURRENT_API" value="https://api.sdkman.io/2"/>
    <property name="Apple_PubSub_Socket_Render" value="/private/tmp/com.apple.launchd.mp0lVMdpRi/Render"/>
    <property name="java.vm.vendor" value="&quot;Oracle Corporation&quot;"/>
    <property name="gopherProxySet" value="false"/>
    <property name="SDKMAN_VERSION" value="5.5.9+231"/>
    <property name="java.runtime.name" value="Java(TM) SE Runtime Environment"/>
    <property name="maven.home" value="/Users/denys/.jenkins/tools/hudson.tasks.Maven_MavenInstallation/MAVEN_HOME"/>
    <property name="java.class.path" value="/Users/denys/.jenkins/plugins/maven-plugin/WEB-INF/lib/maven35-agent-1.12-alpha-1.jar:/Users/denys/.jenkins/tools/hudson.tasks.Maven_MavenInstallation/MAVEN_HOME/boot/plexus-classworlds-2.5.2.jar:/Users/denys/.jenkins/tools/hudson.tasks.Maven_MavenInstallation/MAVEN_HOME/conf/logging"/>
    <property name="sun.java.command" value="jenkins.maven3.agent.Maven35Main /Users/denys/.jenkins/tools/hudson.tasks.Maven_MavenInstallation/MAVEN_HOME /Users/denys/.jenkins/war/WEB-INF/lib/remoting-3.17.jar /Users/denys/.jenkins/plugins/maven-plugin/WEB-INF/lib/maven35-interceptor-1.12-alpha-1.jar /Users/denys/.jenkins/plugins/maven-plugin/WEB-INF/lib/maven3-interceptor-commons-1.12-alpha-1.jar 60290"/>
    <property name="jdk.debug" value="release"/>
    <property name="java.vm.specification.name" value="Java Virtual Machine Specification"/>
    <property name="PATH+JDK" value="/Users/denys/.jenkins/tools/hudson.model.JDK/JAVA_HOME/bin"/>
    <property name="java.vm.specification.version" value="10"/>
    <property name="M2_HOME" value="/Users/denys/.jenkins/tools/hudson.tasks.Maven_MavenInstallation/MAVEN_HOME"/>
    <property name="sun.cpu.endian" value="little"/>
    <property name="sun.os.patch.level" value="unknown"/>
    <property name="java.io.tmpdir" value="/var/folders/_r/br55_c8s46z0d5ycrjzw5fb80000gp/T/"/>
    <property name="HUDSON_HOME" value="/Users/denys/.jenkins"/>
    <property name="PATH+MAVEN" value="/Users/denys/.jenkins/tools/hudson.tasks.Maven_MavenInstallation/MAVEN_HOME/bin"/>
    <property name="java.vendor.url.bug" value="http://bugreport.java.com/bugreport/"/>
    <property name="OLDPWD" value="/Users/denys"/>
    <property name="BUILD_URL" value="http://localhost:8080/job/Rozetka/6/"/>
    <property name="SSH_AUTH_SOCK" value="/private/tmp/com.apple.launchd.S0X3IoRerW/Listeners"/>
    <property name="os.arch" value="x86_64"/>
    <property name="java.awt.graphicsenv" value="sun.awt.CGraphicsEnvironment"/>
    <property name="__CF_USER_TEXT_ENCODING" value="0x1F6:0x0:0x0"/>
    <property name="user.dir" value="/Users/denys/Documents/bkstg_IOS/my"/>
    <property name="JOB_URL" value="http://localhost:8080/job/Rozetka/"/>
    <property name="MAVEN_HOME" value="/Users/denys/.jenkins/tools/hudson.tasks.Maven_MavenInstallation/MAVEN_HOME"/>
    <property name="PROMPT_COMMAND" value="conda_auto_env;update_terminal_cwd"/>
    <property name="line.separator" value="&#10;"/>
    <property name="java.vm.name" value="Java HotSpot(TM) 64-Bit Server VM"/>
    <property name="BUILD_NUMBER" value="6"/>
    <property name="TERM_PROGRAM_VERSION" value="400"/>
    <property name="ANDROID_HOME" value="/Users/denys/Library/Android/sdk"/>
    <property name="JENKINS_URL" value="http://localhost:8080/"/>
    <property name="LANG" value="en_US.UTF-8"/>
    <property name="file.encoding" value="UTF-8"/>
    <property name="maven3.interceptor" value="/Users/denys/.jenkins/plugins/maven-plugin/WEB-INF/lib/maven35-interceptor-1.12-alpha-1.jar"/>
    <property name="WORKSPACE" value="/Users/denys/.jenkins/workspace/Rozetka"/>
    <property name="maven3.interceptor.common" value="/Users/denys/.jenkins/plugins/maven-plugin/WEB-INF/lib/maven3-interceptor-commons-1.12-alpha-1.jar"/>
    <property name="SDKMAN_PLATFORM" value="Darwin"/>
    <property name="java.specification.version" value="10"/>
    <property name="java.vendor.version" value="18.3"/>
    <property name="USER" value="denys"/>
  </properties>
  <testcase name="SecondTask" classname="Test.Test2" time="195.986">
    <failure message="begin 0, end -4, length 0" type="java.lang.StringIndexOutOfBoundsException">java.lang.StringIndexOutOfBoundsException: begin 0, end -4, length 0
	at Test.Test2.SecondTask(Test2.java:57)
</failure>
    <system-err><![CDATA[Starting ChromeDriver 2.37.544337 (8c0344a12e552148c185f7d5117db1f28d6c9e85) on port 28350
Only local connections are allowed.
]]></system-err>
  </testcase>
  <testcase name="thirdTest" classname="Test.Test3" time="152.371"/>
  <testcase name="FirstTask" classname="Test.Test1" time="85.002"/>
</testsuite>