<?xml version="1.0" encoding="UTF-8"?>
<!-- Generated by org.testng.reporters.JUnitReportReporter -->
<testsuite hostname="admins-MacBook-Pro-2.local" failures="0" tests="1" name="Test.Test1" time="86.648" errors="0" timestamp="10 Apr 2018 15:06:17 GMT">
  <testcase classname="Test.Test1" name="FirstTask" time="86.648"/>
</testsuite> <!-- Test.Test1 -->
